[debug] [2023-07-14T17:05:04.447Z] ----------------------------------------------------------------------
[debug] [2023-07-14T17:05:04.448Z] Command:       C:\Program Files\nodejs\node.exe C:\Users\INAM\AppData\Roaming\npm\node_modules\firebase-tools\lib\bin\firebase.js init
[debug] [2023-07-14T17:05:04.449Z] CLI Version:   12.4.4
[debug] [2023-07-14T17:05:04.449Z] Platform:      win32
[debug] [2023-07-14T17:05:04.449Z] Node Version:  v18.16.1
[debug] [2023-07-14T17:05:04.450Z] Time:          Fri Jul 14 2023 22:35:04 GMT+0530 (India Standard Time)
[debug] [2023-07-14T17:05:04.450Z] ----------------------------------------------------------------------
[debug] 
[debug] [2023-07-14T17:05:04.455Z] > command requires scopes: ["email","openid","https://www.googleapis.com/auth/cloudplatformprojects.readonly","https://www.googleapis.com/auth/firebase","https://www.googleapis.com/auth/cloud-platform"]
[debug] [2023-07-14T17:05:04.456Z] > authorizing via signed-in user (inamulhaque952@gmail.com)
[info] 
     ######## #### ########  ######## ########     ###     ######  ########
     ##        ##  ##     ## ##       ##     ##  ##   ##  ##       ##
     ######    ##  ########  ######   ########  #########  ######  ######
     ##        ##  ##    ##  ##       ##     ## ##     ##       ## ##
     ##       #### ##     ## ######## ########  ##     ##  ######  ########

You're about to initialize a Firebase project in this directory:

  C:\Users\INAM\OneDrive\Desktop\PROJECT\ChatToon

[info] 
=== Project Setup
[info] 
[info] First, let's associate this project directory with a Firebase project.
[info] You can create multiple project aliases by running firebase use --add, 
[info] but for now we'll just set up a default project.
[info] 
[debug] [2023-07-14T17:05:11.132Z] > refreshing access token with scopes: []
[debug] [2023-07-14T17:05:11.135Z] >>> [apiv2][query] POST https://www.googleapis.com/oauth2/v3/token [none]
[debug] [2023-07-14T17:05:11.135Z] >>> [apiv2][body] POST https://www.googleapis.com/oauth2/v3/token [omitted]
[debug] [2023-07-14T17:05:11.420Z] <<< [apiv2][status] POST https://www.googleapis.com/oauth2/v3/token 200
[debug] [2023-07-14T17:05:11.420Z] <<< [apiv2][body] POST https://www.googleapis.com/oauth2/v3/token [omitted]
[debug] [2023-07-14T17:05:11.430Z] >>> [apiv2][query] GET https://firebase.googleapis.com/v1beta1/projects pageSize=100
[debug] [2023-07-14T17:05:12.196Z] <<< [apiv2][status] GET https://firebase.googleapis.com/v1beta1/projects 200
[debug] [2023-07-14T17:05:12.196Z] <<< [apiv2][body] GET https://firebase.googleapis.com/v1beta1/projects [omitted]
[info] i  Using project chattoon-7201e (ChatToon) 
[info] 
=== Hosting Setup
[info] 
[info] Your public directory is the folder (relative to your project directory) that
[info] will contain Hosting assets to be uploaded with firebase deploy. If you
[info] have a build process for your assets, use your build's output directory.
[info] 
